Using pre-set license

 COMMAND LINE ARGUMENTS:
/Applications/Unity/Hub/Editor/2020.3.8f1/Unity.app/Contents/MacOS/Unity
-adb2
-batchMode
-noUpm
-name
AssetImportWorker0
-projectPath
/Users/kwanggiheo/Desktop/Unity Forder/fastion AR
-logFile
Logs/AssetImportWorker0.log
-srvPort
55798
Successfully changed project path to: /Users/kwanggiheo/Desktop/Unity Forder/fastion AR
/Users/kwanggiheo/Desktop/Unity Forder/fastion AR
Using Asset Import Pipeline V2.
Refreshing native plugins compatible for Editor in 22.30 ms, found 1 plugins.
Preloading 0 native plugins for Editor in 0.00 ms.
Initialize engine version: 2020.3.8f1 (507919d4fff5)
[Subsystems] Discovering subsystems at path /Applications/Unity/Hub/Editor/2020.3.8f1/Unity.app/Contents/Resources/UnitySubsystems
[Subsystems] Discovering subsystems at path /Users/kwanggiheo/Desktop/Unity Forder/fastion AR/Assets
GfxDevice: creating device client; threaded=0
2021-08-14 18:05:36.073 Unity[10115:348880] (null) preferred device: Apple M1 (high power)
2021-08-14 18:05:36.074 Unity[10115:348880] Metal devices available: 1
2021-08-14 18:05:36.074 Unity[10115:348880] 0: Apple M1 (high power)
2021-08-14 18:05:36.074 Unity[10115:348880] Using device Apple M1 (high power)
Initializing Metal device caps: Apple M1
Initialize mono
Mono path[0] = '/Applications/Unity/Hub/Editor/2020.3.8f1/Unity.app/Contents/Managed'
Mono path[1] = '/Applications/Unity/Hub/Editor/2020.3.8f1/Unity.app/Contents/MonoBleedingEdge/lib/mono/unityjit'
Mono config path = '/Applications/Unity/Hub/Editor/2020.3.8f1/Unity.app/Contents/MonoBleedingEdge/etc'
Using monoOptions --debugger-agent=transport=dt_socket,embedding=1,server=y,suspend=n,address=127.0.0.1:56115
Begin MonoManager ReloadAssembly
Registering precompiled unity dll's ...
Register platform support module: /Applications/Unity/Hub/Editor/2020.3.8f1/Unity.app/Contents/PlaybackEngines/MacStandaloneSupport/UnityEditor.OSXStandalone.Extensions.dll
Register platform support module: /Applications/Unity/Hub/Editor/2020.3.8f1/PlaybackEngines/WindowsStandaloneSupport/UnityEditor.WindowsStandalone.Extensions.dll
Registered in 0.002445 seconds.
Native extension for WindowsStandalone target not found
Native extension for OSXStandalone target not found
Refreshing native plugins compatible for Editor in 22.01 ms, found 1 plugins.
Preloading 0 native plugins for Editor in 0.00 ms.
Mono: successfully reloaded assembly
- Completed reload, in  3.094 seconds
Platform modules already initialized, skipping
Registering precompiled user dll's ...
Registered in 0.000524 seconds.
Begin MonoManager ReloadAssembly
Native extension for WindowsStandalone target not found
Native extension for OSXStandalone target not found
Refreshing native plugins compatible for Editor in 0.17 ms, found 1 plugins.
Preloading 0 native plugins for Editor in 0.00 ms.
Mono: successfully reloaded assembly
- Completed reload, in  1.729 seconds
Platform modules already initialized, skipping
========================================================================
Worker process is ready to serve import requests
Launching external process: /Applications/Unity/Hub/Editor/2020.3.8f1/Unity.app/Contents/Tools/UnityShaderCompiler
Launched and connected shader compiler UnityShaderCompiler after 0.03 seconds
Refreshing native plugins compatible for Editor in 0.16 ms, found 1 plugins.
Preloading 0 native plugins for Editor in 0.00 ms.
Unloading 1116 Unused Serialized files (Serialized files now loaded: 0)
System memory in use before: 116.0 MB.
System memory in use after: 116.1 MB.

Unloading 10 unused Assets to reduce memory usage. Loaded Objects now: 1558.
Total: 1.124041 ms (FindLiveObjects: 0.080542 ms CreateObjectMapping: 0.022625 ms MarkObjects: 0.945125 ms  DeleteObjects: 0.075000 ms)

========================================================================
Received Import Request.
  path: Assets/NewBehaviourScript.cs
  artifactKey: Guid(635a2423d86a94647b5fa155ba408b33) Importer(815301076,1909f56bfc062723c751e8b465ee728b)
Start importing Assets/NewBehaviourScript.cs using Guid(635a2423d86a94647b5fa155ba408b33) Importer(815301076,1909f56bfc062723c751e8b465ee728b)  -> (artifact id: '21e2aaf8c5a55b4a0ac4665d136412aa') in 1.797319 seconds
  Import took 1.798934 seconds .

========================================================================
Received Import Request.
  Time since last request: 0.000303 seconds.
  path: Assets/PhoneCamera.cs
  artifactKey: Guid(635a2423d86a94647b5fa155ba408b33) Importer(815301076,1909f56bfc062723c751e8b465ee728b)
Start importing Assets/PhoneCamera.cs using Guid(635a2423d86a94647b5fa155ba408b33) Importer(815301076,1909f56bfc062723c751e8b465ee728b)  -> (artifact id: 'a2401969133b15976e85f53713662d95') in 0.001722 seconds
  Import took 0.002870 seconds .

========================================================================
Received Prepare
Registering precompiled user dll's ...
Registered in 0.000255 seconds.
Begin MonoManager ReloadAssembly
Native extension for WindowsStandalone target not found
Native extension for OSXStandalone target not found
Refreshing native plugins compatible for Editor in 0.29 ms, found 1 plugins.
Preloading 0 native plugins for Editor in 0.00 ms.
Mono: successfully reloaded assembly
- Completed reload, in  1.727 seconds
Platform modules already initialized, skipping
Refreshing native plugins compatible for Editor in 0.16 ms, found 1 plugins.
Preloading 0 native plugins for Editor in 0.00 ms.
Unloading 1111 Unused Serialized files (Serialized files now loaded: 0)
System memory in use before: 120.4 MB.
System memory in use after: 120.5 MB.

Unloading 5 unused Assets to reduce memory usage. Loaded Objects now: 1561.
Total: 1.252334 ms (FindLiveObjects: 0.095375 ms CreateObjectMapping: 0.023667 ms MarkObjects: 1.083000 ms  DeleteObjects: 0.049625 ms)

========================================================================
Received Prepare
Registering precompiled user dll's ...
Registered in 0.000303 seconds.
Begin MonoManager ReloadAssembly
Native extension for WindowsStandalone target not found
Native extension for OSXStandalone target not found
Refreshing native plugins compatible for Editor in 0.18 ms, found 1 plugins.
Preloading 0 native plugins for Editor in 0.00 ms.
Mono: successfully reloaded assembly
- Completed reload, in  1.734 seconds
Platform modules already initialized, skipping
Refreshing native plugins compatible for Editor in 0.15 ms, found 1 plugins.
Preloading 0 native plugins for Editor in 0.00 ms.
Unloading 1111 Unused Serialized files (Serialized files now loaded: 0)
System memory in use before: 120.7 MB.
System memory in use after: 120.7 MB.

Unloading 5 unused Assets to reduce memory usage. Loaded Objects now: 1564.
Total: 1.121417 ms (FindLiveObjects: 0.107167 ms CreateObjectMapping: 0.022541 ms MarkObjects: 0.938917 ms  DeleteObjects: 0.052250 ms)

========================================================================
Received Import Request.
  Time since last request: 61.597394 seconds.
  path: Assets/PhoneCamera.cs
  artifactKey: Guid(635a2423d86a94647b5fa155ba408b33) Importer(815301076,1909f56bfc062723c751e8b465ee728b)
Start importing Assets/PhoneCamera.cs using Guid(635a2423d86a94647b5fa155ba408b33) Importer(815301076,1909f56bfc062723c751e8b465ee728b)  -> (artifact id: 'e18e6eb6ab80204e9f344b9bf9fa0da8') in 0.005842 seconds
  Import took 0.007082 seconds .

========================================================================
Received Import Request.
  Time since last request: 87.379365 seconds.
  path: Assets/PhoneCamera.cs
  artifactKey: Guid(635a2423d86a94647b5fa155ba408b33) Importer(815301076,1909f56bfc062723c751e8b465ee728b)
Start importing Assets/PhoneCamera.cs using Guid(635a2423d86a94647b5fa155ba408b33) Importer(815301076,1909f56bfc062723c751e8b465ee728b)  -> (artifact id: '34058af9b90f2aa96d9d67f496928356') in 0.012174 seconds
  Import took 0.029347 seconds .

========================================================================
Received Prepare
Registering precompiled user dll's ...
Registered in 0.000388 seconds.
Begin MonoManager ReloadAssembly
Native extension for WindowsStandalone target not found
Native extension for OSXStandalone target not found
Refreshing native plugins compatible for Editor in 0.20 ms, found 1 plugins.
Preloading 0 native plugins for Editor in 0.00 ms.
Mono: successfully reloaded assembly
- Completed reload, in  1.881 seconds
Platform modules already initialized, skipping
Refreshing native plugins compatible for Editor in 0.17 ms, found 1 plugins.
Preloading 0 native plugins for Editor in 0.00 ms.
Unloading 1111 Unused Serialized files (Serialized files now loaded: 0)
System memory in use before: 120.9 MB.
System memory in use after: 120.9 MB.

Unloading 5 unused Assets to reduce memory usage. Loaded Objects now: 1567.
Total: 1.306917 ms (FindLiveObjects: 0.100792 ms CreateObjectMapping: 0.023333 ms MarkObjects: 1.112667 ms  DeleteObjects: 0.069417 ms)

========================================================================
Received Import Request.
  Time since last request: 122.122327 seconds.
  path: Assets/PhoneCamera.cs
  artifactKey: Guid(635a2423d86a94647b5fa155ba408b33) Importer(815301076,1909f56bfc062723c751e8b465ee728b)
Start importing Assets/PhoneCamera.cs using Guid(635a2423d86a94647b5fa155ba408b33) Importer(815301076,1909f56bfc062723c751e8b465ee728b)  -> (artifact id: 'da46b83590a22ae67f51db48398399c5') in 0.044352 seconds
  Import took 0.050863 seconds .

========================================================================
Received Import Request.
  Time since last request: 12.557576 seconds.
  path: Assets/PhoneCamera.cs
  artifactKey: Guid(635a2423d86a94647b5fa155ba408b33) Importer(815301076,1909f56bfc062723c751e8b465ee728b)
Start importing Assets/PhoneCamera.cs using Guid(635a2423d86a94647b5fa155ba408b33) Importer(815301076,1909f56bfc062723c751e8b465ee728b)  -> (artifact id: 'e310064d9ba10e95d8b58fb3188ca4be') in 0.003286 seconds
  Import took 0.004949 seconds .

========================================================================
Received Prepare
Registering precompiled user dll's ...
Registered in 0.000325 seconds.
Begin MonoManager ReloadAssembly
Native extension for WindowsStandalone target not found
Native extension for OSXStandalone target not found
Refreshing native plugins compatible for Editor in 0.28 ms, found 1 plugins.
Preloading 0 native plugins for Editor in 0.00 ms.
Mono: successfully reloaded assembly
- Completed reload, in  1.772 seconds
Platform modules already initialized, skipping
Refreshing native plugins compatible for Editor in 0.17 ms, found 1 plugins.
Preloading 0 native plugins for Editor in 0.00 ms.
Unloading 1111 Unused Serialized files (Serialized files now loaded: 0)
System memory in use before: 121.0 MB.
System memory in use after: 121.1 MB.

Unloading 5 unused Assets to reduce memory usage. Loaded Objects now: 1570.
Total: 1.186833 ms (FindLiveObjects: 0.091375 ms CreateObjectMapping: 0.025625 ms MarkObjects: 1.007375 ms  DeleteObjects: 0.061666 ms)

========================================================================
Received Import Request.
  Time since last request: 402.721001 seconds.
  path: Assets/PhoneCamera.cs
  artifactKey: Guid(635a2423d86a94647b5fa155ba408b33) Importer(815301076,1909f56bfc062723c751e8b465ee728b)
Start importing Assets/PhoneCamera.cs using Guid(635a2423d86a94647b5fa155ba408b33) Importer(815301076,1909f56bfc062723c751e8b465ee728b)  -> (artifact id: '4cf1c77929b39c1f2ab74e7d21083a88') in 0.030692 seconds
  Import took 0.047417 seconds .

========================================================================
Received Prepare
Registering precompiled user dll's ...
Registered in 0.000312 seconds.
Begin MonoManager ReloadAssembly
Native extension for WindowsStandalone target not found
Native extension for OSXStandalone target not found
Refreshing native plugins compatible for Editor in 0.18 ms, found 1 plugins.
Preloading 0 native plugins for Editor in 0.00 ms.
Mono: successfully reloaded assembly
- Completed reload, in  1.809 seconds
Platform modules already initialized, skipping
Refreshing native plugins compatible for Editor in 0.20 ms, found 1 plugins.
Preloading 0 native plugins for Editor in 0.00 ms.
Unloading 1111 Unused Serialized files (Serialized files now loaded: 0)
System memory in use before: 121.4 MB.
System memory in use after: 121.5 MB.

Unloading 5 unused Assets to reduce memory usage. Loaded Objects now: 1573.
Total: 2.250291 ms (FindLiveObjects: 0.122917 ms CreateObjectMapping: 0.023417 ms MarkObjects: 1.882625 ms  DeleteObjects: 0.220541 ms)

========================================================================
Received Import Request.
  Time since last request: 114.179511 seconds.
  path: Assets/PhoneCamera.cs
  artifactKey: Guid(635a2423d86a94647b5fa155ba408b33) Importer(815301076,1909f56bfc062723c751e8b465ee728b)
Start importing Assets/PhoneCamera.cs using Guid(635a2423d86a94647b5fa155ba408b33) Importer(815301076,1909f56bfc062723c751e8b465ee728b)  -> (artifact id: '0dddd5e6cfbc0951e49c8693d999e1a8') in 0.035208 seconds
  Import took 0.041550 seconds .

========================================================================
Received Prepare
Registering precompiled user dll's ...
Registered in 0.000315 seconds.
Begin MonoManager ReloadAssembly
Native extension for WindowsStandalone target not found
Native extension for OSXStandalone target not found
Refreshing native plugins compatible for Editor in 0.18 ms, found 1 plugins.
Preloading 0 native plugins for Editor in 0.00 ms.
Mono: successfully reloaded assembly
- Completed reload, in  1.865 seconds
Platform modules already initialized, skipping
Refreshing native plugins compatible for Editor in 0.20 ms, found 1 plugins.
Preloading 0 native plugins for Editor in 0.00 ms.
Unloading 1111 Unused Serialized files (Serialized files now loaded: 0)
System memory in use before: 121.6 MB.
System memory in use after: 121.7 MB.

Unloading 5 unused Assets to reduce memory usage. Loaded Objects now: 1576.
Total: 1.839500 ms (FindLiveObjects: 0.288292 ms CreateObjectMapping: 0.029250 ms MarkObjects: 1.442833 ms  DeleteObjects: 0.077750 ms)

========================================================================
Received Import Request.
  Time since last request: 20.143828 seconds.
  path: Assets/PhoneCamera.cs
  artifactKey: Guid(635a2423d86a94647b5fa155ba408b33) Importer(815301076,1909f56bfc062723c751e8b465ee728b)
Start importing Assets/PhoneCamera.cs using Guid(635a2423d86a94647b5fa155ba408b33) Importer(815301076,1909f56bfc062723c751e8b465ee728b)  -> (artifact id: '4f8d833bcaf0fa51bb0a34c95ac391f4') in 0.053563 seconds
  Import took 0.056583 seconds .

========================================================================
Received Import Request.
  Time since last request: 0.205048 seconds.
  path: Assets/PhoneCamera.cs
  artifactKey: Guid(635a2423d86a94647b5fa155ba408b33) Importer(815301076,1909f56bfc062723c751e8b465ee728b)
Start importing Assets/PhoneCamera.cs using Guid(635a2423d86a94647b5fa155ba408b33) Importer(815301076,1909f56bfc062723c751e8b465ee728b)  -> (artifact id: '4f8d833bcaf0fa51bb0a34c95ac391f4') in 0.002270 seconds
  Import took 0.003828 seconds .

========================================================================
Received Import Request.
  Time since last request: 124.508273 seconds.
  path: Assets/PhoneCamera.cs
  artifactKey: Guid(635a2423d86a94647b5fa155ba408b33) Importer(815301076,1909f56bfc062723c751e8b465ee728b)
Start importing Assets/PhoneCamera.cs using Guid(635a2423d86a94647b5fa155ba408b33) Importer(815301076,1909f56bfc062723c751e8b465ee728b)  -> (artifact id: 'd79f12fbd3ae6190701954171d8b401e') in 0.015248 seconds
  Import took 0.021979 seconds .

========================================================================
Received Prepare
Registering precompiled user dll's ...
Registered in 0.000326 seconds.
Begin MonoManager ReloadAssembly
Native extension for WindowsStandalone target not found
Native extension for OSXStandalone target not found
Refreshing native plugins compatible for Editor in 0.18 ms, found 1 plugins.
Preloading 0 native plugins for Editor in 0.00 ms.
Mono: successfully reloaded assembly
- Completed reload, in  1.850 seconds
Platform modules already initialized, skipping
Refreshing native plugins compatible for Editor in 0.17 ms, found 1 plugins.
Preloading 0 native plugins for Editor in 0.00 ms.
Unloading 1111 Unused Serialized files (Serialized files now loaded: 0)
System memory in use before: 121.8 MB.
System memory in use after: 121.8 MB.

Unloading 5 unused Assets to reduce memory usage. Loaded Objects now: 1579.
Total: 1.252750 ms (FindLiveObjects: 0.122917 ms CreateObjectMapping: 0.023625 ms MarkObjects: 1.042542 ms  DeleteObjects: 0.062625 ms)

========================================================================
Received Import Request.
  Time since last request: 47.530204 seconds.
  path: Assets/PhoneCamera.cs
  artifactKey: Guid(635a2423d86a94647b5fa155ba408b33) Importer(815301076,1909f56bfc062723c751e8b465ee728b)
Start importing Assets/PhoneCamera.cs using Guid(635a2423d86a94647b5fa155ba408b33) Importer(815301076,1909f56bfc062723c751e8b465ee728b)  -> (artifact id: 'c98daa88ea136538d200ecc2e1d7e591') in 0.033196 seconds
  Import took 0.039031 seconds .

========================================================================
Received Prepare
Registering precompiled user dll's ...
Registered in 0.000327 seconds.
Begin MonoManager ReloadAssembly
Native extension for WindowsStandalone target not found
Native extension for OSXStandalone target not found
Refreshing native plugins compatible for Editor in 0.19 ms, found 1 plugins.
Preloading 0 native plugins for Editor in 0.00 ms.
Mono: successfully reloaded assembly
- Completed reload, in  1.861 seconds
Platform modules already initialized, skipping
Refreshing native plugins compatible for Editor in 0.19 ms, found 1 plugins.
Preloading 0 native plugins for Editor in 0.00 ms.
Unloading 1111 Unused Serialized files (Serialized files now loaded: 0)
System memory in use before: 121.9 MB.
System memory in use after: 122.0 MB.

Unloading 5 unused Assets to reduce memory usage. Loaded Objects now: 1582.
Total: 1.258542 ms (FindLiveObjects: 0.142792 ms CreateObjectMapping: 0.023625 ms MarkObjects: 1.027917 ms  DeleteObjects: 0.063167 ms)

========================================================================
Received Import Request.
  Time since last request: 146.539210 seconds.
  path: Assets/PhoneCamera.cs
  artifactKey: Guid(635a2423d86a94647b5fa155ba408b33) Importer(815301076,1909f56bfc062723c751e8b465ee728b)
Start importing Assets/PhoneCamera.cs using Guid(635a2423d86a94647b5fa155ba408b33) Importer(815301076,1909f56bfc062723c751e8b465ee728b)  -> (artifact id: '5d3896fd327703da3c82ff7e6660929a') in 0.048454 seconds
  Import took 0.054147 seconds .

========================================================================
Received Prepare
Registering precompiled user dll's ...
Registered in 0.000358 seconds.
Begin MonoManager ReloadAssembly
Native extension for WindowsStandalone target not found
Native extension for OSXStandalone target not found
Refreshing native plugins compatible for Editor in 0.21 ms, found 1 plugins.
Preloading 0 native plugins for Editor in 0.00 ms.
Mono: successfully reloaded assembly
- Completed reload, in  1.866 seconds
Platform modules already initialized, skipping
Refreshing native plugins compatible for Editor in 0.19 ms, found 1 plugins.
Preloading 0 native plugins for Editor in 0.00 ms.
Unloading 1111 Unused Serialized files (Serialized files now loaded: 0)
System memory in use before: 122.1 MB.
System memory in use after: 122.2 MB.

Unloading 5 unused Assets to reduce memory usage. Loaded Objects now: 1585.
Total: 1.236958 ms (FindLiveObjects: 0.116958 ms CreateObjectMapping: 0.023042 ms MarkObjects: 1.026333 ms  DeleteObjects: 0.069791 ms)

========================================================================
Received Prepare
Registering precompiled user dll's ...
Registered in 0.000272 seconds.
Begin MonoManager ReloadAssembly
Native extension for WindowsStandalone target not found
Native extension for OSXStandalone target not found
Refreshing native plugins compatible for Editor in 0.18 ms, found 1 plugins.
Preloading 0 native plugins for Editor in 0.00 ms.
Mono: successfully reloaded assembly
- Completed reload, in  1.762 seconds
Platform modules already initialized, skipping
Switching build target platform(2) subTarget(0) extendedPlatform(0) -> platform(13) subTarget(537395200) extendedPlatform(0)
Refreshing native plugins compatible for Editor in 0.17 ms, found 1 plugins.
Preloading 0 native plugins for Editor in 0.00 ms.
Unloading 1115 Unused Serialized files (Serialized files now loaded: 0)
System memory in use before: 122.3 MB.
System memory in use after: 122.3 MB.

Unloading 5 unused Assets to reduce memory usage. Loaded Objects now: 1588.
Total: 1.185083 ms (FindLiveObjects: 0.105792 ms CreateObjectMapping: 0.022916 ms MarkObjects: 1.000625 ms  DeleteObjects: 0.054834 ms)

AssetImportParameters requested are different than current active one (requested -> active):
  custom:graphics/normal-map-encoding: 01000000000000000000000000000000 -> 02000000000000000000000000000000
========================================================================
Received Prepare
Refreshing native plugins compatible for Editor in 0.37 ms, found 1 plugins.
Preloading 0 native plugins for Editor in 0.00 ms.
Unloading 3 Unused Serialized files (Serialized files now loaded: 0)
System memory in use before: 100.4 MB.
System memory in use after: 100.4 MB.

Unloading 3 unused Assets to reduce memory usage. Loaded Objects now: 1588.
Total: 1.080584 ms (FindLiveObjects: 0.081209 ms CreateObjectMapping: 0.022750 ms MarkObjects: 0.934250 ms  DeleteObjects: 0.041958 ms)

========================================================================
Received Prepare
Refreshing native plugins compatible for Editor in 1.58 ms, found 1 plugins.
Preloading 0 native plugins for Editor in 0.00 ms.
Unloading 3 Unused Serialized files (Serialized files now loaded: 0)
System memory in use before: 100.5 MB.
System memory in use after: 100.6 MB.

Unloading 3 unused Assets to reduce memory usage. Loaded Objects now: 1588.
Total: 10.387666 ms (FindLiveObjects: 2.683208 ms CreateObjectMapping: 0.025750 ms MarkObjects: 7.490000 ms  DeleteObjects: 0.188042 ms)

========================================================================
Received Prepare
Refreshing native plugins compatible for Editor in 0.76 ms, found 1 plugins.
Preloading 0 native plugins for Editor in 0.00 ms.
Unloading 3 Unused Serialized files (Serialized files now loaded: 0)
System memory in use before: 100.6 MB.
System memory in use after: 100.7 MB.

Unloading 3 unused Assets to reduce memory usage. Loaded Objects now: 1588.
Total: 10.104625 ms (FindLiveObjects: 0.239333 ms CreateObjectMapping: 0.023958 ms MarkObjects: 9.611833 ms  DeleteObjects: 0.228542 ms)

========================================================================
Received Prepare
Registering precompiled user dll's ...
Registered in 0.000688 seconds.
Begin MonoManager ReloadAssembly
Native extension for WindowsStandalone target not found
Native extension for OSXStandalone target not found
Refreshing native plugins compatible for Editor in 0.17 ms, found 1 plugins.
Preloading 0 native plugins for Editor in 0.00 ms.
Mono: successfully reloaded assembly
- Completed reload, in  1.749 seconds
Platform modules already initialized, skipping
Switching build target platform(2) subTarget(0) extendedPlatform(0) -> platform(13) subTarget(537395200) extendedPlatform(0)
Refreshing native plugins compatible for Editor in 0.14 ms, found 1 plugins.
Preloading 0 native plugins for Editor in 0.00 ms.
Unloading 1115 Unused Serialized files (Serialized files now loaded: 0)
System memory in use before: 122.7 MB.
System memory in use after: 122.8 MB.

Unloading 5 unused Assets to reduce memory usage. Loaded Objects now: 1591.
Total: 1.128166 ms (FindLiveObjects: 0.088750 ms CreateObjectMapping: 0.021917 ms MarkObjects: 0.964125 ms  DeleteObjects: 0.052584 ms)

AssetImportParameters requested are different than current active one (requested -> active):
  custom:graphics/normal-map-encoding: 01000000000000000000000000000000 -> 02000000000000000000000000000000
========================================================================
Received Prepare
Registering precompiled user dll's ...
Registered in 0.000790 seconds.
Begin MonoManager ReloadAssembly
Native extension for WindowsStandalone target not found
Native extension for OSXStandalone target not found
Refreshing native plugins compatible for Editor in 0.18 ms, found 1 plugins.
Preloading 0 native plugins for Editor in 0.00 ms.
Mono: successfully reloaded assembly
- Completed reload, in  1.909 seconds
Platform modules already initialized, skipping
Switching build target platform(2) subTarget(0) extendedPlatform(0) -> platform(13) subTarget(537395200) extendedPlatform(0)
Refreshing native plugins compatible for Editor in 0.16 ms, found 1 plugins.
Preloading 0 native plugins for Editor in 0.00 ms.
Unloading 1115 Unused Serialized files (Serialized files now loaded: 0)
System memory in use before: 122.9 MB.
System memory in use after: 123.0 MB.

Unloading 5 unused Assets to reduce memory usage. Loaded Objects now: 1594.
Total: 1.254084 ms (FindLiveObjects: 0.110417 ms CreateObjectMapping: 0.023416 ms MarkObjects: 1.047875 ms  DeleteObjects: 0.071417 ms)

AssetImportParameters requested are different than current active one (requested -> active):
  custom:graphics/normal-map-encoding: 01000000000000000000000000000000 -> 02000000000000000000000000000000
========================================================================
Received Prepare
Registering precompiled user dll's ...
Registered in 0.000278 seconds.
Begin MonoManager ReloadAssembly
Native extension for WindowsStandalone target not found
Native extension for OSXStandalone target not found
Refreshing native plugins compatible for Editor in 0.18 ms, found 1 plugins.
Preloading 0 native plugins for Editor in 0.00 ms.
Mono: successfully reloaded assembly
- Completed reload, in  1.862 seconds
Platform modules already initialized, skipping
Refreshing native plugins compatible for Editor in 0.16 ms, found 1 plugins.
Preloading 0 native plugins for Editor in 0.00 ms.
Unloading 1111 Unused Serialized files (Serialized files now loaded: 0)
System memory in use before: 123.2 MB.
System memory in use after: 123.2 MB.

Unloading 5 unused Assets to reduce memory usage. Loaded Objects now: 1597.
Total: 1.191167 ms (FindLiveObjects: 0.097709 ms CreateObjectMapping: 0.023208 ms MarkObjects: 1.005667 ms  DeleteObjects: 0.063958 ms)

========================================================================
Received Prepare
Refreshing native plugins compatible for Editor in 0.37 ms, found 1 plugins.
Preloading 0 native plugins for Editor in 0.00 ms.
Unloading 3 Unused Serialized files (Serialized files now loaded: 0)
System memory in use before: 101.2 MB.
System memory in use after: 101.3 MB.

Unloading 3 unused Assets to reduce memory usage. Loaded Objects now: 1597.
Total: 1.063375 ms (FindLiveObjects: 0.076167 ms CreateObjectMapping: 0.023166 ms MarkObjects: 0.927584 ms  DeleteObjects: 0.035792 ms)

========================================================================
Received Prepare
Registering precompiled user dll's ...
Registered in 0.003462 seconds.
Begin MonoManager ReloadAssembly
Native extension for WindowsStandalone target not found
Native extension for OSXStandalone target not found
Refreshing native plugins compatible for Editor in 0.17 ms, found 1 plugins.
Preloading 0 native plugins for Editor in 0.00 ms.
Mono: successfully reloaded assembly
- Completed reload, in  1.664 seconds
Platform modules already initialized, skipping
Refreshing native plugins compatible for Editor in 0.12 ms, found 1 plugins.
Preloading 0 native plugins for Editor in 0.00 ms.
Unloading 1111 Unused Serialized files (Serialized files now loaded: 0)
System memory in use before: 123.3 MB.
System memory in use after: 123.4 MB.

Unloading 5 unused Assets to reduce memory usage. Loaded Objects now: 1600.
Total: 1.074875 ms (FindLiveObjects: 0.099875 ms CreateObjectMapping: 0.022458 ms MarkObjects: 0.904917 ms  DeleteObjects: 0.047083 ms)

